<Events>
  <!-- Event 1: RDP Logon at 2:30 AM Saturday -->
  <Event xmlns="http://schemas.microsoft.com/win/2004/08/events/event">
    <System>
      <Provider Name="Microsoft-Windows-Security-Auditing" Guid="{54849625-5478-4994-A5BA-3E3B0328C30D}"/>
      <EventID>4624</EventID>
      <Version>2</Version>
      <Level>0</Level>
      <Task>12544</Task>
      <Opcode>0</Opcode>
      <Keywords>0x8020000000000000</Keywords>
      <TimeCreated SystemTime="2024-01-13T07:30:14.218Z"/>
      <EventRecordID>204851</EventRecordID>
      <Correlation ActivityID="{A1B2C3D4-E5F6-7890-ABCD-EF1234567890}"/>
      <Execution ProcessID="648" ThreadID="1204"/>
      <Channel>Security</Channel>
      <Computer>WORKSTATION-PC08.corp.acme.local</Computer>
      <Security/>
    </System>
    <EventData>
      <Data Name="SubjectUserSid">S-1-5-18</Data>
      <Data Name="SubjectUserName">WORKSTATION-PC08$</Data>
      <Data Name="SubjectDomainName">ACME</Data>
      <Data Name="SubjectLogonId">0x3E7</Data>
      <Data Name="TargetUserSid">S-1-5-21-3541430928-2051711210-1391384369-1156</Data>
      <Data Name="TargetUserName">jsmith</Data>
      <Data Name="TargetDomainName">ACME</Data>
      <Data Name="TargetLogonId">0x1A2B3C4</Data>
      <Data Name="LogonType">10</Data>
      <Data Name="LogonProcessName">User32</Data>
      <Data Name="AuthenticationPackageName">Negotiate</Data>
      <Data Name="WorkstationName">WORKSTATION-PC08</Data>
      <Data Name="LogonGuid">{F1E2D3C4-B5A6-9780-1234-567890ABCDEF}</Data>
      <Data Name="TransmittedServices">-</Data>
      <Data Name="LmPackageName">-</Data>
      <Data Name="KeyLength">0</Data>
      <Data Name="ProcessId">0x2BC</Data>
      <Data Name="ProcessName">C:\Windows\System32\svchost.exe</Data>
      <Data Name="IpAddress">10.0.3.15</Data>
      <Data Name="IpPort">51842</Data>
      <Data Name="ImpersonationLevel">%%1833</Data>
      <Data Name="RestrictedAdminMode">-</Data>
      <Data Name="TargetOutboundUserName">-</Data>
      <Data Name="TargetOutboundDomainName">-</Data>
      <Data Name="VirtualAccount">%%1843</Data>
      <Data Name="TargetLinkedLogonId">0x0</Data>
      <Data Name="ElevatedToken">%%1842</Data>
    </EventData>
  </Event>

  <!-- Event 2: Network share access - \\fileserver\finance -->
  <Event xmlns="http://schemas.microsoft.com/win/2004/08/events/event">
    <System>
      <Provider Name="Microsoft-Windows-Security-Auditing" Guid="{54849625-5478-4994-A5BA-3E3B0328C30D}"/>
      <EventID>5140</EventID>
      <Version>1</Version>
      <Level>0</Level>
      <Task>12808</Task>
      <Opcode>0</Opcode>
      <Keywords>0x8020000000000000</Keywords>
      <TimeCreated SystemTime="2024-01-13T07:32:41.502Z"/>
      <EventRecordID>204852</EventRecordID>
      <Correlation/>
      <Execution ProcessID="4" ThreadID="1208"/>
      <Channel>Security</Channel>
      <Computer>FILESERVER.corp.acme.local</Computer>
      <Security/>
    </System>
    <EventData>
      <Data Name="SubjectUserSid">S-1-5-21-3541430928-2051711210-1391384369-1156</Data>
      <Data Name="SubjectUserName">jsmith</Data>
      <Data Name="SubjectDomainName">ACME</Data>
      <Data Name="SubjectLogonId">0x1A2B3C4</Data>
      <Data Name="ObjectType">File</Data>
      <Data Name="IpAddress">10.0.3.15</Data>
      <Data Name="IpPort">49921</Data>
      <Data Name="ShareName">\\*\finance</Data>
      <Data Name="ShareLocalPath">\??\D:\Shares\Finance</Data>
      <Data Name="AccessMask">0x1</Data>
      <Data Name="AccessList">%%4416</Data>
    </EventData>
  </Event>

  <!-- Event 3: File access in finance share -->
  <Event xmlns="http://schemas.microsoft.com/win/2004/08/events/event">
    <System>
      <Provider Name="Microsoft-Windows-Security-Auditing" Guid="{54849625-5478-4994-A5BA-3E3B0328C30D}"/>
      <EventID>4663</EventID>
      <Version>1</Version>
      <Level>0</Level>
      <Task>12800</Task>
      <Opcode>0</Opcode>
      <Keywords>0x8020000000000000</Keywords>
      <TimeCreated SystemTime="2024-01-13T07:33:02.108Z"/>
      <EventRecordID>204853</EventRecordID>
      <Correlation/>
      <Execution ProcessID="4" ThreadID="1208"/>
      <Channel>Security</Channel>
      <Computer>FILESERVER.corp.acme.local</Computer>
      <Security/>
    </System>
    <EventData>
      <Data Name="SubjectUserSid">S-1-5-21-3541430928-2051711210-1391384369-1156</Data>
      <Data Name="SubjectUserName">jsmith</Data>
      <Data Name="SubjectDomainName">ACME</Data>
      <Data Name="SubjectLogonId">0x1A2B3C4</Data>
      <Data Name="ObjectServer">Security</Data>
      <Data Name="ObjectType">File</Data>
      <Data Name="ObjectName">D:\Shares\Finance\2024_Budget\Annual_Budget_Master.xlsx</Data>
      <Data Name="HandleId">0x1240</Data>
      <Data Name="AccessList">%%4416 %%4417 %%4418</Data>
      <Data Name="AccessMask">0x12019F</Data>
      <Data Name="ProcessId">0x4</Data>
      <Data Name="ProcessName"/>
      <Data Name="ResourceAttributes">S:AI</Data>
    </EventData>
  </Event>

  <!-- Event 4: File access - Salary data -->
  <Event xmlns="http://schemas.microsoft.com/win/2004/08/events/event">
    <System>
      <Provider Name="Microsoft-Windows-Security-Auditing" Guid="{54849625-5478-4994-A5BA-3E3B0328C30D}"/>
      <EventID>4663</EventID>
      <Version>1</Version>
      <Level>0</Level>
      <Task>12800</Task>
      <Opcode>0</Opcode>
      <Keywords>0x8020000000000000</Keywords>
      <TimeCreated SystemTime="2024-01-13T07:33:18.412Z"/>
      <EventRecordID>204854</EventRecordID>
      <Correlation/>
      <Execution ProcessID="4" ThreadID="1208"/>
      <Channel>Security</Channel>
      <Computer>FILESERVER.corp.acme.local</Computer>
      <Security/>
    </System>
    <EventData>
      <Data Name="SubjectUserSid">S-1-5-21-3541430928-2051711210-1391384369-1156</Data>
      <Data Name="SubjectUserName">jsmith</Data>
      <Data Name="SubjectDomainName">ACME</Data>
      <Data Name="SubjectLogonId">0x1A2B3C4</Data>
      <Data Name="ObjectServer">Security</Data>
      <Data Name="ObjectType">File</Data>
      <Data Name="ObjectName">D:\Shares\Finance\Payroll\Employee_Salary_Schedule_2024.xlsx</Data>
      <Data Name="HandleId">0x1244</Data>
      <Data Name="AccessList">%%4416 %%4417 %%4418</Data>
      <Data Name="AccessMask">0x12019F</Data>
      <Data Name="ProcessId">0x4</Data>
      <Data Name="ProcessName"/>
      <Data Name="ResourceAttributes">S:AI</Data>
    </EventData>
  </Event>

  <!-- Event 5: File access - Bank account details -->
  <Event xmlns="http://schemas.microsoft.com/win/2004/08/events/event">
    <System>
      <Provider Name="Microsoft-Windows-Security-Auditing" Guid="{54849625-5478-4994-A5BA-3E3B0328C30D}"/>
      <EventID>4663</EventID>
      <Version>1</Version>
      <Level>0</Level>
      <Task>12800</Task>
      <Opcode>0</Opcode>
      <Keywords>0x8020000000000000</Keywords>
      <TimeCreated SystemTime="2024-01-13T07:33:45.718Z"/>
      <EventRecordID>204855</EventRecordID>
      <Correlation/>
      <Execution ProcessID="4" ThreadID="1208"/>
      <Channel>Security</Channel>
      <Computer>FILESERVER.corp.acme.local</Computer>
      <Security/>
    </System>
    <EventData>
      <Data Name="SubjectUserSid">S-1-5-21-3541430928-2051711210-1391384369-1156</Data>
      <Data Name="SubjectUserName">jsmith</Data>
      <Data Name="SubjectDomainName">ACME</Data>
      <Data Name="SubjectLogonId">0x1A2B3C4</Data>
      <Data Name="ObjectServer">Security</Data>
      <Data Name="ObjectType">File</Data>
      <Data Name="ObjectName">D:\Shares\Finance\Banking\Corporate_Bank_Account_Details.pdf</Data>
      <Data Name="HandleId">0x1248</Data>
      <Data Name="AccessList">%%4416 %%4417 %%4418</Data>
      <Data Name="AccessMask">0x12019F</Data>
      <Data Name="ProcessId">0x4</Data>
      <Data Name="ProcessName"/>
      <Data Name="ResourceAttributes">S:AI</Data>
    </EventData>
  </Event>

  <!-- Event 6: File access - Revenue reports -->
  <Event xmlns="http://schemas.microsoft.com/win/2004/08/events/event">
    <System>
      <Provider Name="Microsoft-Windows-Security-Auditing" Guid="{54849625-5478-4994-A5BA-3E3B0328C30D}"/>
      <EventID>4663</EventID>
      <Version>1</Version>
      <Level>0</Level>
      <Task>12800</Task>
      <Opcode>0</Opcode>
      <Keywords>0x8020000000000000</Keywords>
      <TimeCreated SystemTime="2024-01-13T07:34:12.204Z"/>
      <EventRecordID>204856</EventRecordID>
      <Correlation/>
      <Execution ProcessID="4" ThreadID="1208"/>
      <Channel>Security</Channel>
      <Computer>FILESERVER.corp.acme.local</Computer>
      <Security/>
    </System>
    <EventData>
      <Data Name="SubjectUserSid">S-1-5-21-3541430928-2051711210-1391384369-1156</Data>
      <Data Name="SubjectUserName">jsmith</Data>
      <Data Name="SubjectDomainName">ACME</Data>
      <Data Name="SubjectLogonId">0x1A2B3C4</Data>
      <Data Name="ObjectServer">Security</Data>
      <Data Name="ObjectType">File</Data>
      <Data Name="ObjectName">D:\Shares\Finance\Reports\Q4_2023_Revenue_Confidential.xlsx</Data>
      <Data Name="HandleId">0x124C</Data>
      <Data Name="AccessList">%%4416 %%4417 %%4418</Data>
      <Data Name="AccessMask">0x12019F</Data>
      <Data Name="ProcessId">0x4</Data>
      <Data Name="ProcessName"/>
      <Data Name="ResourceAttributes">S:AI</Data>
    </EventData>
  </Event>

  <!-- Event 7: File access - Tax returns -->
  <Event xmlns="http://schemas.microsoft.com/win/2004/08/events/event">
    <System>
      <Provider Name="Microsoft-Windows-Security-Auditing" Guid="{54849625-5478-4994-A5BA-3E3B0328C30D}"/>
      <EventID>4663</EventID>
      <Version>1</Version>
      <Level>0</Level>
      <Task>12800</Task>
      <Opcode>0</Opcode>
      <Keywords>0x8020000000000000</Keywords>
      <TimeCreated SystemTime="2024-01-13T07:34:38.510Z"/>
      <EventRecordID>204857</EventRecordID>
      <Correlation/>
      <Execution ProcessID="4" ThreadID="1208"/>
      <Channel>Security</Channel>
      <Computer>FILESERVER.corp.acme.local</Computer>
      <Security/>
    </System>
    <EventData>
      <Data Name="SubjectUserSid">S-1-5-21-3541430928-2051711210-1391384369-1156</Data>
      <Data Name="SubjectUserName">jsmith</Data>
      <Data Name="SubjectDomainName">ACME</Data>
      <Data Name="SubjectLogonId">0x1A2B3C4</Data>
      <Data Name="ObjectServer">Security</Data>
      <Data Name="ObjectType">File</Data>
      <Data Name="ObjectName">D:\Shares\Finance\Tax\Corporate_Tax_Returns_2023.pdf</Data>
      <Data Name="HandleId">0x1250</Data>
      <Data Name="AccessList">%%4416 %%4417 %%4418</Data>
      <Data Name="AccessMask">0x12019F</Data>
      <Data Name="ProcessId">0x4</Data>
      <Data Name="ProcessName"/>
      <Data Name="ResourceAttributes">S:AI</Data>
    </EventData>
  </Event>

  <!-- Event 8: Network share access - \\fileserver\hr_data -->
  <Event xmlns="http://schemas.microsoft.com/win/2004/08/events/event">
    <System>
      <Provider Name="Microsoft-Windows-Security-Auditing" Guid="{54849625-5478-4994-A5BA-3E3B0328C30D}"/>
      <EventID>5140</EventID>
      <Version>1</Version>
      <Level>0</Level>
      <Task>12808</Task>
      <Opcode>0</Opcode>
      <Keywords>0x8020000000000000</Keywords>
      <TimeCreated SystemTime="2024-01-13T07:35:22.108Z"/>
      <EventRecordID>204858</EventRecordID>
      <Correlation/>
      <Execution ProcessID="4" ThreadID="1208"/>
      <Channel>Security</Channel>
      <Computer>FILESERVER.corp.acme.local</Computer>
      <Security/>
    </System>
    <EventData>
      <Data Name="SubjectUserSid">S-1-5-21-3541430928-2051711210-1391384369-1156</Data>
      <Data Name="SubjectUserName">jsmith</Data>
      <Data Name="SubjectDomainName">ACME</Data>
      <Data Name="SubjectLogonId">0x1A2B3C4</Data>
      <Data Name="ObjectType">File</Data>
      <Data Name="IpAddress">10.0.3.15</Data>
      <Data Name="IpPort">49922</Data>
      <Data Name="ShareName">\\*\hr_data</Data>
      <Data Name="ShareLocalPath">\??\D:\Shares\HR_Data</Data>
      <Data Name="AccessMask">0x1</Data>
      <Data Name="AccessList">%%4416</Data>
    </EventData>
  </Event>

  <!-- Event 9: File access - HR Employee records -->
  <Event xmlns="http://schemas.microsoft.com/win/2004/08/events/event">
    <System>
      <Provider Name="Microsoft-Windows-Security-Auditing" Guid="{54849625-5478-4994-A5BA-3E3B0328C30D}"/>
      <EventID>4663</EventID>
      <Version>1</Version>
      <Level>0</Level>
      <Task>12800</Task>
      <Opcode>0</Opcode>
      <Keywords>0x8020000000000000</Keywords>
      <TimeCreated SystemTime="2024-01-13T07:35:48.302Z"/>
      <EventRecordID>204859</EventRecordID>
      <Correlation/>
      <Execution ProcessID="4" ThreadID="1208"/>
      <Channel>Security</Channel>
      <Computer>FILESERVER.corp.acme.local</Computer>
      <Security/>
    </System>
    <EventData>
      <Data Name="SubjectUserSid">S-1-5-21-3541430928-2051711210-1391384369-1156</Data>
      <Data Name="SubjectUserName">jsmith</Data>
      <Data Name="SubjectDomainName">ACME</Data>
      <Data Name="SubjectLogonId">0x1A2B3C4</Data>
      <Data Name="ObjectServer">Security</Data>
      <Data Name="ObjectType">File</Data>
      <Data Name="ObjectName">D:\Shares\HR_Data\Employee_Records\All_Employees_PII_2024.xlsx</Data>
      <Data Name="HandleId">0x1254</Data>
      <Data Name="AccessList">%%4416 %%4417 %%4418</Data>
      <Data Name="AccessMask">0x12019F</Data>
      <Data Name="ProcessId">0x4</Data>
      <Data Name="ProcessName"/>
      <Data Name="ResourceAttributes">S:AI</Data>
    </EventData>
  </Event>

  <!-- Event 10: File access - HR Performance reviews -->
  <Event xmlns="http://schemas.microsoft.com/win/2004/08/events/event">
    <System>
      <Provider Name="Microsoft-Windows-Security-Auditing" Guid="{54849625-5478-4994-A5BA-3E3B0328C30D}"/>
      <EventID>4663</EventID>
      <Version>1</Version>
      <Level>0</Level>
      <Task>12800</Task>
      <Opcode>0</Opcode>
      <Keywords>0x8020000000000000</Keywords>
      <TimeCreated SystemTime="2024-01-13T07:36:15.618Z"/>
      <EventRecordID>204860</EventRecordID>
      <Correlation/>
      <Execution ProcessID="4" ThreadID="1208"/>
      <Channel>Security</Channel>
      <Computer>FILESERVER.corp.acme.local</Computer>
      <Security/>
    </System>
    <EventData>
      <Data Name="SubjectUserSid">S-1-5-21-3541430928-2051711210-1391384369-1156</Data>
      <Data Name="SubjectUserName">jsmith</Data>
      <Data Name="SubjectDomainName">ACME</Data>
      <Data Name="SubjectLogonId">0x1A2B3C4</Data>
      <Data Name="ObjectServer">Security</Data>
      <Data Name="ObjectType">File</Data>
      <Data Name="ObjectName">D:\Shares\HR_Data\Performance_Reviews\Executive_Performance_2023.docx</Data>
      <Data Name="HandleId">0x1258</Data>
      <Data Name="AccessList">%%4416 %%4417 %%4418</Data>
      <Data Name="AccessMask">0x12019F</Data>
      <Data Name="ProcessId">0x4</Data>
      <Data Name="ProcessName"/>
      <Data Name="ResourceAttributes">S:AI</Data>
    </EventData>
  </Event>

  <!-- Event 11: File access - HR Termination list -->
  <Event xmlns="http://schemas.microsoft.com/win/2004/08/events/event">
    <System>
      <Provider Name="Microsoft-Windows-Security-Auditing" Guid="{54849625-5478-4994-A5BA-3E3B0328C30D}"/>
      <EventID>4663</EventID>
      <Version>1</Version>
      <Level>0</Level>
      <Task>12800</Task>
      <Opcode>0</Opcode>
      <Keywords>0x8020000000000000</Keywords>
      <TimeCreated SystemTime="2024-01-13T07:36:42.910Z"/>
      <EventRecordID>204861</EventRecordID>
      <Correlation/>
      <Execution ProcessID="4" ThreadID="1208"/>
      <Channel>Security</Channel>
      <Computer>FILESERVER.corp.acme.local</Computer>
      <Security/>
    </System>
    <EventData>
      <Data Name="SubjectUserSid">S-1-5-21-3541430928-2051711210-1391384369-1156</Data>
      <Data Name="SubjectUserName">jsmith</Data>
      <Data Name="SubjectDomainName">ACME</Data>
      <Data Name="SubjectLogonId">0x1A2B3C4</Data>
      <Data Name="ObjectServer">Security</Data>
      <Data Name="ObjectType">File</Data>
      <Data Name="ObjectName">D:\Shares\HR_Data\Confidential\Planned_Layoffs_Q1_2024.xlsx</Data>
      <Data Name="HandleId">0x125C</Data>
      <Data Name="AccessList">%%4416 %%4417 %%4418</Data>
      <Data Name="AccessMask">0x12019F</Data>
      <Data Name="ProcessId">0x4</Data>
      <Data Name="ProcessName"/>
      <Data Name="ResourceAttributes">S:AI</Data>
    </EventData>
  </Event>

  <!-- Event 12: File access - HR Benefits data -->
  <Event xmlns="http://schemas.microsoft.com/win/2004/08/events/event">
    <System>
      <Provider Name="Microsoft-Windows-Security-Auditing" Guid="{54849625-5478-4994-A5BA-3E3B0328C30D}"/>
      <EventID>4663</EventID>
      <Version>1</Version>
      <Level>0</Level>
      <Task>12800</Task>
      <Opcode>0</Opcode>
      <Keywords>0x8020000000000000</Keywords>
      <TimeCreated SystemTime="2024-01-13T07:37:08.204Z"/>
      <EventRecordID>204862</EventRecordID>
      <Correlation/>
      <Execution ProcessID="4" ThreadID="1208"/>
      <Channel>Security</Channel>
      <Computer>FILESERVER.corp.acme.local</Computer>
      <Security/>
    </System>
    <EventData>
      <Data Name="SubjectUserSid">S-1-5-21-3541430928-2051711210-1391384369-1156</Data>
      <Data Name="SubjectUserName">jsmith</Data>
      <Data Name="SubjectDomainName">ACME</Data>
      <Data Name="SubjectLogonId">0x1A2B3C4</Data>
      <Data Name="ObjectServer">Security</Data>
      <Data Name="ObjectType">File</Data>
      <Data Name="ObjectName">D:\Shares\HR_Data\Benefits\Employee_Benefits_Summary_2024.xlsx</Data>
      <Data Name="HandleId">0x1260</Data>
      <Data Name="AccessList">%%4416 %%4417 %%4418</Data>
      <Data Name="AccessMask">0x12019F</Data>
      <Data Name="ProcessId">0x4</Data>
      <Data Name="ProcessName"/>
      <Data Name="ResourceAttributes">S:AI</Data>
    </EventData>
  </Event>

  <!-- Event 13: File access - HR Organizational chart -->
  <Event xmlns="http://schemas.microsoft.com/win/2004/08/events/event">
    <System>
      <Provider Name="Microsoft-Windows-Security-Auditing" Guid="{54849625-5478-4994-A5BA-3E3B0328C30D}"/>
      <EventID>4663</EventID>
      <Version>1</Version>
      <Level>0</Level>
      <Task>12800</Task>
      <Opcode>0</Opcode>
      <Keywords>0x8020000000000000</Keywords>
      <TimeCreated SystemTime="2024-01-13T07:37:34.512Z"/>
      <EventRecordID>204863</EventRecordID>
      <Correlation/>
      <Execution ProcessID="4" ThreadID="1208"/>
      <Channel>Security</Channel>
      <Computer>FILESERVER.corp.acme.local</Computer>
      <Security/>
    </System>
    <EventData>
      <Data Name="SubjectUserSid">S-1-5-21-3541430928-2051711210-1391384369-1156</Data>
      <Data Name="SubjectUserName">jsmith</Data>
      <Data Name="SubjectDomainName">ACME</Data>
      <Data Name="SubjectLogonId">0x1A2B3C4</Data>
      <Data Name="ObjectServer">Security</Data>
      <Data Name="ObjectType">File</Data>
      <Data Name="ObjectName">D:\Shares\HR_Data\Organization\Exec_Org_Chart_Restructuring.pptx</Data>
      <Data Name="HandleId">0x1264</Data>
      <Data Name="AccessList">%%4416 %%4417 %%4418</Data>
      <Data Name="AccessMask">0x12019F</Data>
      <Data Name="ProcessId">0x4</Data>
      <Data Name="ProcessName"/>
      <Data Name="ResourceAttributes">S:AI</Data>
    </EventData>
  </Event>

  <!-- Event 14: File access - Finance Vendor payments -->
  <Event xmlns="http://schemas.microsoft.com/win/2004/08/events/event">
    <System>
      <Provider Name="Microsoft-Windows-Security-Auditing" Guid="{54849625-5478-4994-A5BA-3E3B0328C30D}"/>
      <EventID>4663</EventID>
      <Version>1</Version>
      <Level>0</Level>
      <Task>12800</Task>
      <Opcode>0</Opcode>
      <Keywords>0x8020000000000000</Keywords>
      <TimeCreated SystemTime="2024-01-13T07:38:01.808Z"/>
      <EventRecordID>204864</EventRecordID>
      <Correlation/>
      <Execution ProcessID="4" ThreadID="1208"/>
      <Channel>Security</Channel>
      <Computer>FILESERVER.corp.acme.local</Computer>
      <Security/>
    </System>
    <EventData>
      <Data Name="SubjectUserSid">S-1-5-21-3541430928-2051711210-1391384369-1156</Data>
      <Data Name="SubjectUserName">jsmith</Data>
      <Data Name="SubjectDomainName">ACME</Data>
      <Data Name="SubjectLogonId">0x1A2B3C4</Data>
      <Data Name="ObjectServer">Security</Data>
      <Data Name="ObjectType">File</Data>
      <Data Name="ObjectName">D:\Shares\Finance\Accounts_Payable\Vendor_Payment_Schedule_2024.xlsx</Data>
      <Data Name="HandleId">0x1268</Data>
      <Data Name="AccessList">%%4416 %%4417 %%4418</Data>
      <Data Name="AccessMask">0x12019F</Data>
      <Data Name="ProcessId">0x4</Data>
      <Data Name="ProcessName"/>
      <Data Name="ResourceAttributes">S:AI</Data>
    </EventData>
  </Event>

  <!-- Event 15: File access - Finance M&A documents -->
  <Event xmlns="http://schemas.microsoft.com/win/2004/08/events/event">
    <System>
      <Provider Name="Microsoft-Windows-Security-Auditing" Guid="{54849625-5478-4994-A5BA-3E3B0328C30D}"/>
      <EventID>4663</EventID>
      <Version>1</Version>
      <Level>0</Level>
      <Task>12800</Task>
      <Opcode>0</Opcode>
      <Keywords>0x8020000000000000</Keywords>
      <TimeCreated SystemTime="2024-01-13T07:38:28.102Z"/>
      <EventRecordID>204865</EventRecordID>
      <Correlation/>
      <Execution ProcessID="4" ThreadID="1208"/>
      <Channel>Security</Channel>
      <Computer>FILESERVER.corp.acme.local</Computer>
      <Security/>
    </System>
    <EventData>
      <Data Name="SubjectUserSid">S-1-5-21-3541430928-2051711210-1391384369-1156</Data>
      <Data Name="SubjectUserName">jsmith</Data>
      <Data Name="SubjectDomainName">ACME</Data>
      <Data Name="SubjectLogonId">0x1A2B3C4</Data>
      <Data Name="ObjectServer">Security</Data>
      <Data Name="ObjectType">File</Data>
      <Data Name="ObjectName">D:\Shares\Finance\Mergers_Acquisitions\Project_Phoenix_Due_Diligence.pdf</Data>
      <Data Name="HandleId">0x126C</Data>
      <Data Name="AccessList">%%4416 %%4417 %%4418</Data>
      <Data Name="AccessMask">0x12019F</Data>
      <Data Name="ProcessId">0x4</Data>
      <Data Name="ProcessName"/>
      <Data Name="ResourceAttributes">S:AI</Data>
    </EventData>
  </Event>

  <!-- Event 16: File access - HR SSN list -->
  <Event xmlns="http://schemas.microsoft.com/win/2004/08/events/event">
    <System>
      <Provider Name="Microsoft-Windows-Security-Auditing" Guid="{54849625-5478-4994-A5BA-3E3B0328C30D}"/>
      <EventID>4663</EventID>
      <Version>1</Version>
      <Level>0</Level>
      <Task>12800</Task>
      <Opcode>0</Opcode>
      <Keywords>0x8020000000000000</Keywords>
      <TimeCreated SystemTime="2024-01-13T07:38:55.418Z"/>
      <EventRecordID>204866</EventRecordID>
      <Correlation/>
      <Execution ProcessID="4" ThreadID="1208"/>
      <Channel>Security</Channel>
      <Computer>FILESERVER.corp.acme.local</Computer>
      <Security/>
    </System>
    <EventData>
      <Data Name="SubjectUserSid">S-1-5-21-3541430928-2051711210-1391384369-1156</Data>
      <Data Name="SubjectUserName">jsmith</Data>
      <Data Name="SubjectDomainName">ACME</Data>
      <Data Name="SubjectLogonId">0x1A2B3C4</Data>
      <Data Name="ObjectServer">Security</Data>
      <Data Name="ObjectType">File</Data>
      <Data Name="ObjectName">D:\Shares\HR_Data\Confidential\Employee_SSN_Directory.xlsx</Data>
      <Data Name="HandleId">0x1270</Data>
      <Data Name="AccessList">%%4416 %%4417 %%4418</Data>
      <Data Name="AccessMask">0x12019F</Data>
      <Data Name="ProcessId">0x4</Data>
      <Data Name="ProcessName"/>
      <Data Name="ResourceAttributes">S:AI</Data>
    </EventData>
  </Event>

  <!-- Event 17: File access - Finance Credit card data -->
  <Event xmlns="http://schemas.microsoft.com/win/2004/08/events/event">
    <System>
      <Provider Name="Microsoft-Windows-Security-Auditing" Guid="{54849625-5478-4994-A5BA-3E3B0328C30D}"/>
      <EventID>4663</EventID>
      <Version>1</Version>
      <Level>0</Level>
      <Task>12800</Task>
      <Opcode>0</Opcode>
      <Keywords>0x8020000000000000</Keywords>
      <TimeCreated SystemTime="2024-01-13T07:39:22.710Z"/>
      <EventRecordID>204867</EventRecordID>
      <Correlation/>
      <Execution ProcessID="4" ThreadID="1208"/>
      <Channel>Security</Channel>
      <Computer>FILESERVER.corp.acme.local</Computer>
      <Security/>
    </System>
    <EventData>
      <Data Name="SubjectUserSid">S-1-5-21-3541430928-2051711210-1391384369-1156</Data>
      <Data Name="SubjectUserName">jsmith</Data>
      <Data Name="SubjectDomainName">ACME</Data>
      <Data Name="SubjectLogonId">0x1A2B3C4</Data>
      <Data Name="ObjectServer">Security</Data>
      <Data Name="ObjectType">File</Data>
      <Data Name="ObjectName">D:\Shares\Finance\Credit_Cards\Corporate_Card_Statements_Dec2023.pdf</Data>
      <Data Name="HandleId">0x1274</Data>
      <Data Name="AccessList">%%4416 %%4417 %%4418</Data>
      <Data Name="AccessMask">0x12019F</Data>
      <Data Name="ProcessId">0x4</Data>
      <Data Name="ProcessName"/>
      <Data Name="ResourceAttributes">S:AI</Data>
    </EventData>
  </Event>

  <!-- Event 18: File access - HR Insurance data -->
  <Event xmlns="http://schemas.microsoft.com/win/2004/08/events/event">
    <System>
      <Provider Name="Microsoft-Windows-Security-Auditing" Guid="{54849625-5478-4994-A5BA-3E3B0328C30D}"/>
      <EventID>4663</EventID>
      <Version>1</Version>
      <Level>0</Level>
      <Task>12800</Task>
      <Opcode>0</Opcode>
      <Keywords>0x8020000000000000</Keywords>
      <TimeCreated SystemTime="2024-01-13T07:39:48.018Z"/>
      <EventRecordID>204868</EventRecordID>
      <Correlation/>
      <Execution ProcessID="4" ThreadID="1208"/>
      <Channel>Security</Channel>
      <Computer>FILESERVER.corp.acme.local</Computer>
      <Security/>
    </System>
    <EventData>
      <Data Name="SubjectUserSid">S-1-5-21-3541430928-2051711210-1391384369-1156</Data>
      <Data Name="SubjectUserName">jsmith</Data>
      <Data Name="SubjectDomainName">ACME</Data>
      <Data Name="SubjectLogonId">0x1A2B3C4</Data>
      <Data Name="ObjectServer">Security</Data>
      <Data Name="ObjectType">File</Data>
      <Data Name="ObjectName">D:\Shares\HR_Data\Benefits\Group_Health_Insurance_Claims_2023.xlsx</Data>
      <Data Name="HandleId">0x1278</Data>
      <Data Name="AccessList">%%4416 %%4417 %%4418</Data>
      <Data Name="AccessMask">0x12019F</Data>
      <Data Name="ProcessId">0x4</Data>
      <Data Name="ProcessName"/>
      <Data Name="ResourceAttributes">S:AI</Data>
    </EventData>
  </Event>

  <!-- Event 19: USB device connected (removable storage) -->
  <Event xmlns="http://schemas.microsoft.com/win/2004/08/events/event">
    <System>
      <Provider Name="Microsoft-Windows-Security-Auditing" Guid="{54849625-5478-4994-A5BA-3E3B0328C30D}"/>
      <EventID>6416</EventID>
      <Version>0</Version>
      <Level>0</Level>
      <Task>13316</Task>
      <Opcode>0</Opcode>
      <Keywords>0x8020000000000000</Keywords>
      <TimeCreated SystemTime="2024-01-13T07:40:02.512Z"/>
      <EventRecordID>204869</EventRecordID>
      <Correlation/>
      <Execution ProcessID="648" ThreadID="1204"/>
      <Channel>Security</Channel>
      <Computer>WORKSTATION-PC08.corp.acme.local</Computer>
      <Security/>
    </System>
    <EventData>
      <Data Name="SubjectUserSid">S-1-5-21-3541430928-2051711210-1391384369-1156</Data>
      <Data Name="SubjectUserName">jsmith</Data>
      <Data Name="SubjectDomainName">ACME</Data>
      <Data Name="SubjectLogonId">0x1A2B3C4</Data>
      <Data Name="DeviceId">USB\VID_0781&amp;PID_5583\4C530000290828117244</Data>
      <Data Name="DeviceDescription">SanDisk Ultra USB 3.0</Data>
      <Data Name="ClassId">{36FC9E60-C465-11CF-8056-444553540000}</Data>
      <Data Name="ClassName">USB</Data>
      <Data Name="HardwareIds">USB\VID_0781&amp;PID_5583&amp;REV_0100</Data>
      <Data Name="CompatibleIds">USB\Class_08&amp;SubClass_06&amp;Prot_50</Data>
      <Data Name="LocationInformation">Port_#0003.Hub_#0001</Data>
    </EventData>
  </Event>

  <!-- Event 20: File copy to USB - Finance data -->
  <Event xmlns="http://schemas.microsoft.com/win/2004/08/events/event">
    <System>
      <Provider Name="Microsoft-Windows-Security-Auditing" Guid="{54849625-5478-4994-A5BA-3E3B0328C30D}"/>
      <EventID>4663</EventID>
      <Version>1</Version>
      <Level>0</Level>
      <Task>12800</Task>
      <Opcode>0</Opcode>
      <Keywords>0x8020000000000000</Keywords>
      <TimeCreated SystemTime="2024-01-13T07:40:38.204Z"/>
      <EventRecordID>204870</EventRecordID>
      <Correlation/>
      <Execution ProcessID="4120" ThreadID="5208"/>
      <Channel>Security</Channel>
      <Computer>WORKSTATION-PC08.corp.acme.local</Computer>
      <Security/>
    </System>
    <EventData>
      <Data Name="SubjectUserSid">S-1-5-21-3541430928-2051711210-1391384369-1156</Data>
      <Data Name="SubjectUserName">jsmith</Data>
      <Data Name="SubjectDomainName">ACME</Data>
      <Data Name="SubjectLogonId">0x1A2B3C4</Data>
      <Data Name="ObjectServer">Security</Data>
      <Data Name="ObjectType">File</Data>
      <Data Name="ObjectName">E:\Backup\Finance_Data_Export.zip</Data>
      <Data Name="HandleId">0x2104</Data>
      <Data Name="AccessList">%%4417</Data>
      <Data Name="AccessMask">0x2</Data>
      <Data Name="ProcessId">0x1018</Data>
      <Data Name="ProcessName">C:\Windows\explorer.exe</Data>
      <Data Name="ResourceAttributes">S:AI</Data>
    </EventData>
  </Event>

  <!-- Event 21: File copy to USB - HR data -->
  <Event xmlns="http://schemas.microsoft.com/win/2004/08/events/event">
    <System>
      <Provider Name="Microsoft-Windows-Security-Auditing" Guid="{54849625-5478-4994-A5BA-3E3B0328C30D}"/>
      <EventID>4663</EventID>
      <Version>1</Version>
      <Level>0</Level>
      <Task>12800</Task>
      <Opcode>0</Opcode>
      <Keywords>0x8020000000000000</Keywords>
      <TimeCreated SystemTime="2024-01-13T07:41:12.518Z"/>
      <EventRecordID>204871</EventRecordID>
      <Correlation/>
      <Execution ProcessID="4120" ThreadID="5208"/>
      <Channel>Security</Channel>
      <Computer>WORKSTATION-PC08.corp.acme.local</Computer>
      <Security/>
    </System>
    <EventData>
      <Data Name="SubjectUserSid">S-1-5-21-3541430928-2051711210-1391384369-1156</Data>
      <Data Name="SubjectUserName">jsmith</Data>
      <Data Name="SubjectDomainName">ACME</Data>
      <Data Name="SubjectLogonId">0x1A2B3C4</Data>
      <Data Name="ObjectServer">Security</Data>
      <Data Name="ObjectType">File</Data>
      <Data Name="ObjectName">E:\Backup\HR_Confidential_Export.zip</Data>
      <Data Name="HandleId">0x2108</Data>
      <Data Name="AccessList">%%4417</Data>
      <Data Name="AccessMask">0x2</Data>
      <Data Name="ProcessId">0x1018</Data>
      <Data Name="ProcessName">C:\Windows\explorer.exe</Data>
      <Data Name="ResourceAttributes">S:AI</Data>
    </EventData>
  </Event>

  <!-- Event 22: File copy to USB - M&A data -->
  <Event xmlns="http://schemas.microsoft.com/win/2004/08/events/event">
    <System>
      <Provider Name="Microsoft-Windows-Security-Auditing" Guid="{54849625-5478-4994-A5BA-3E3B0328C30D}"/>
      <EventID>4663</EventID>
      <Version>1</Version>
      <Level>0</Level>
      <Task>12800</Task>
      <Opcode>0</Opcode>
      <Keywords>0x8020000000000000</Keywords>
      <TimeCreated SystemTime="2024-01-13T07:41:38.810Z"/>
      <EventRecordID>204872</EventRecordID>
      <Correlation/>
      <Execution ProcessID="4120" ThreadID="5208"/>
      <Channel>Security</Channel>
      <Computer>WORKSTATION-PC08.corp.acme.local</Computer>
      <Security/>
    </System>
    <EventData>
      <Data Name="SubjectUserSid">S-1-5-21-3541430928-2051711210-1391384369-1156</Data>
      <Data Name="SubjectUserName">jsmith</Data>
      <Data Name="SubjectDomainName">ACME</Data>
      <Data Name="SubjectLogonId">0x1A2B3C4</Data>
      <Data Name="ObjectServer">Security</Data>
      <Data Name="ObjectType">File</Data>
      <Data Name="ObjectName">E:\Backup\Project_Phoenix_Materials.zip</Data>
      <Data Name="HandleId">0x210C</Data>
      <Data Name="AccessList">%%4417</Data>
      <Data Name="AccessMask">0x2</Data>
      <Data Name="ProcessId">0x1018</Data>
      <Data Name="ProcessName">C:\Windows\explorer.exe</Data>
      <Data Name="ResourceAttributes">S:AI</Data>
    </EventData>
  </Event>

  <!-- Event 23: USB device removed -->
  <Event xmlns="http://schemas.microsoft.com/win/2004/08/events/event">
    <System>
      <Provider Name="Microsoft-Windows-Security-Auditing" Guid="{54849625-5478-4994-A5BA-3E3B0328C30D}"/>
      <EventID>6422</EventID>
      <Version>0</Version>
      <Level>0</Level>
      <Task>13316</Task>
      <Opcode>0</Opcode>
      <Keywords>0x8020000000000000</Keywords>
      <TimeCreated SystemTime="2024-01-13T07:42:14.302Z"/>
      <EventRecordID>204873</EventRecordID>
      <Correlation/>
      <Execution ProcessID="648" ThreadID="1204"/>
      <Channel>Security</Channel>
      <Computer>WORKSTATION-PC08.corp.acme.local</Computer>
      <Security/>
    </System>
    <EventData>
      <Data Name="SubjectUserSid">S-1-5-21-3541430928-2051711210-1391384369-1156</Data>
      <Data Name="SubjectUserName">jsmith</Data>
      <Data Name="SubjectDomainName">ACME</Data>
      <Data Name="SubjectLogonId">0x1A2B3C4</Data>
      <Data Name="DeviceId">USB\VID_0781&amp;PID_5583\4C530000290828117244</Data>
      <Data Name="DeviceDescription">SanDisk Ultra USB 3.0</Data>
      <Data Name="ClassId">{36FC9E60-C465-11CF-8056-444553540000}</Data>
      <Data Name="ClassName">USB</Data>
    </EventData>
  </Event>

  <!-- Event 24: Logoff -->
  <Event xmlns="http://schemas.microsoft.com/win/2004/08/events/event">
    <System>
      <Provider Name="Microsoft-Windows-Security-Auditing" Guid="{54849625-5478-4994-A5BA-3E3B0328C30D}"/>
      <EventID>4634</EventID>
      <Version>0</Version>
      <Level>0</Level>
      <Task>12545</Task>
      <Opcode>0</Opcode>
      <Keywords>0x8020000000000000</Keywords>
      <TimeCreated SystemTime="2024-01-13T07:43:01.108Z"/>
      <EventRecordID>204874</EventRecordID>
      <Correlation/>
      <Execution ProcessID="648" ThreadID="1204"/>
      <Channel>Security</Channel>
      <Computer>WORKSTATION-PC08.corp.acme.local</Computer>
      <Security/>
    </System>
    <EventData>
      <Data Name="TargetUserSid">S-1-5-21-3541430928-2051711210-1391384369-1156</Data>
      <Data Name="TargetUserName">jsmith</Data>
      <Data Name="TargetDomainName">ACME</Data>
      <Data Name="TargetLogonId">0x1A2B3C4</Data>
      <Data Name="LogonType">10</Data>
    </EventData>
  </Event>
</Events>
